<html>
<head>
<title>TestNG:  Test</title>
<link href="../testng.css" rel="stylesheet" type="text/css" />
<link href="../my-testng.css" rel="stylesheet" type="text/css" />

<style type="text/css">
.log { display: none;} 
.stack-trace { display: none;} 
</style>
<script type="text/javascript">
<!--
function flip(e) {
  current = e.style.display;
  if (current == 'block') {
    e.style.display = 'none';
    return 0;
  }
  else {
    e.style.display = 'block';
    return 1;
  }
}

function toggleBox(szDivId, elem, msg1, msg2)
{
  var res = -1;  if (document.getElementById) {
    res = flip(document.getElementById(szDivId));
  }
  else if (document.all) {
    // this is the way old msie versions work
    res = flip(document.all[szDivId]);
  }
  if(elem) {
    if(res == 0) elem.innerHTML = msg1; else elem.innerHTML = msg2;
  }

}

function toggleAllBoxes() {
  if (document.getElementsByTagName) {
    d = document.getElementsByTagName('div');
    for (i = 0; i < d.length; i++) {
      if (d[i].className == 'log') {
        flip(d[i]);
      }
    }
  }
}

// -->
</script>

</head>
<body>
<h2 align='center'>Test</h2><table border='1' align="center">
<tr>
<td>Tests passed/Failed/Skipped:</td><td>18/2/0</td>
</tr><tr>
<td>Started on:</td><td>Wed Oct 05 22:36:24 IST 2022</td>
</tr>
<tr><td>Total time:</td><td>1029 seconds (1029062 ms)</td>
</tr><tr>
<td>Included groups:</td><td></td>
</tr><tr>
<td>Excluded groups:</td><td></td>
</tr>
</table><p/>
<small><i>(Hover the method name to see the test class name)</i></small><p/>
<table width='100%' border='1' class='invocation-failed'>
<tr><td colspan='4' align='center'><b>FAILED TESTS</b></td></tr>
<tr><td><b>Test method</b></td>
<td width="30%"><b>Exception</b></td>
<td width="10%"><b>Time (seconds)</b></td>
<td><b>Instance</b></td>
</tr>
<tr>
<td title='Com.Sample.testcases.AddaddressTest.AddInvalidAddresstest()'><b>AddInvalidAddresstest</b><br>Test class: Com.Sample.testcases.AddaddressTest</td>
<td><div><pre>java.lang.AssertionError: expected [Mange Addresses] but found [Manage Addresses]
	at Com.Sample.testcases.AddaddressTest.AddInvalidAddresstest(AddaddressTest.java:135)
	at java.base/java.util.ArrayList.forEach(ArrayList.java:1540)
... Removed 33 stack frames</pre></div><a href='#' onClick='toggleBox("stack-trace808377204", this, "Click to show all stack frames", "Click to hide stack frames")'>Click to show all stack frames</a>
<div class='stack-trace' id='stack-trace808377204'><pre>java.lang.AssertionError: expected [Mange Addresses] but found [Manage Addresses]
	at org.testng.Assert.fail(Assert.java:110)
	at org.testng.Assert.failNotEquals(Assert.java:1413)
	at org.testng.Assert.assertEqualsImpl(Assert.java:149)
	at org.testng.Assert.assertEquals(Assert.java:131)
	at org.testng.Assert.assertEquals(Assert.java:655)
	at org.testng.Assert.assertEquals(Assert.java:665)
	at Com.Sample.testcases.AddaddressTest.AddInvalidAddresstest(AddaddressTest.java:135)
	at java.base/jdk.internal.reflect.NativeMethodAccessorImpl.invoke0(Native Method)
	at java.base/jdk.internal.reflect.NativeMethodAccessorImpl.invoke(NativeMethodAccessorImpl.java:62)
	at java.base/jdk.internal.reflect.DelegatingMethodAccessorImpl.invoke(DelegatingMethodAccessorImpl.java:43)
	at java.base/java.lang.reflect.Method.invoke(Method.java:566)
	at org.testng.internal.invokers.MethodInvocationHelper.invokeMethod(MethodInvocationHelper.java:135)
	at org.testng.internal.invokers.TestInvoker.invokeMethod(TestInvoker.java:673)
	at org.testng.internal.invokers.TestInvoker.invokeTestMethod(TestInvoker.java:220)
	at org.testng.internal.invokers.MethodRunner.runInSequence(MethodRunner.java:50)
	at org.testng.internal.invokers.TestInvoker$MethodInvocationAgent.invoke(TestInvoker.java:945)
	at org.testng.internal.invokers.TestInvoker.invokeTestMethods(TestInvoker.java:193)
	at org.testng.internal.invokers.TestMethodWorker.invokeTestMethods(TestMethodWorker.java:146)
	at org.testng.internal.invokers.TestMethodWorker.run(TestMethodWorker.java:128)
	at java.base/java.util.ArrayList.forEach(ArrayList.java:1540)
	at org.testng.TestRunner.privateRun(TestRunner.java:808)
	at org.testng.TestRunner.run(TestRunner.java:603)
	at org.testng.SuiteRunner.runTest(SuiteRunner.java:429)
	at org.testng.SuiteRunner.runSequentially(SuiteRunner.java:423)
	at org.testng.SuiteRunner.privateRun(SuiteRunner.java:383)
	at org.testng.SuiteRunner.run(SuiteRunner.java:326)
	at org.testng.SuiteRunnerWorker.runSuite(SuiteRunnerWorker.java:52)
	at org.testng.SuiteRunnerWorker.run(SuiteRunnerWorker.java:95)
	at org.testng.TestNG.runSuitesSequentially(TestNG.java:1249)
	at org.testng.TestNG.runSuitesLocally(TestNG.java:1169)
	at org.testng.TestNG.runSuites(TestNG.java:1092)
	at org.testng.TestNG.run(TestNG.java:1060)
	at org.testng.remote.AbstractRemoteTestNG.run(AbstractRemoteTestNG.java:115)
	at org.testng.remote.RemoteTestNG.initAndRun(RemoteTestNG.java:251)
	at org.testng.remote.RemoteTestNG.main(RemoteTestNG.java:77)
</pre></div></td>
<td>27</td>
<td>Com.Sample.testcases.AddaddressTest@2d52216b</td></tr>
<tr>
<td title='Com.Sample.testcases.LoginTest.Incorrectemailtest()'><b>Incorrectemailtest</b><br>Test class: Com.Sample.testcases.LoginTest</td>
<td><div><pre>java.lang.NullPointerException
	at java.base/java.util.concurrent.TimeUnit.convert(TimeUnit.java:189)
	at org.openqa.selenium.remote.RemoteWebDriver$RemoteWebDriverOptions$RemoteTimeouts.implicitlyWait(RemoteWebDriver.java:781)
	at Com.Sample.testcases.LoginTest.Incorrectemailtest(LoginTest.java:50)
	at java.base/java.util.ArrayList.forEach(ArrayList.java:1540)
... Removed 27 stack frames</pre></div><a href='#' onClick='toggleBox("stack-trace775741122", this, "Click to show all stack frames", "Click to hide stack frames")'>Click to show all stack frames</a>
<div class='stack-trace' id='stack-trace775741122'><pre>java.lang.NullPointerException
	at java.base/java.util.concurrent.TimeUnit.convert(TimeUnit.java:189)
	at org.openqa.selenium.remote.RemoteWebDriver$RemoteWebDriverOptions$RemoteTimeouts.implicitlyWait(RemoteWebDriver.java:781)
	at Com.Sample.testcases.LoginTest.Incorrectemailtest(LoginTest.java:50)
	at java.base/jdk.internal.reflect.NativeMethodAccessorImpl.invoke0(Native Method)
	at java.base/jdk.internal.reflect.NativeMethodAccessorImpl.invoke(NativeMethodAccessorImpl.java:62)
	at java.base/jdk.internal.reflect.DelegatingMethodAccessorImpl.invoke(DelegatingMethodAccessorImpl.java:43)
	at java.base/java.lang.reflect.Method.invoke(Method.java:566)
	at org.testng.internal.invokers.MethodInvocationHelper.invokeMethod(MethodInvocationHelper.java:135)
	at org.testng.internal.invokers.TestInvoker.invokeMethod(TestInvoker.java:673)
	at org.testng.internal.invokers.TestInvoker.invokeTestMethod(TestInvoker.java:220)
	at org.testng.internal.invokers.MethodRunner.runInSequence(MethodRunner.java:50)
	at org.testng.internal.invokers.TestInvoker$MethodInvocationAgent.invoke(TestInvoker.java:945)
	at org.testng.internal.invokers.TestInvoker.invokeTestMethods(TestInvoker.java:193)
	at org.testng.internal.invokers.TestMethodWorker.invokeTestMethods(TestMethodWorker.java:146)
	at org.testng.internal.invokers.TestMethodWorker.run(TestMethodWorker.java:128)
	at java.base/java.util.ArrayList.forEach(ArrayList.java:1540)
	at org.testng.TestRunner.privateRun(TestRunner.java:808)
	at org.testng.TestRunner.run(TestRunner.java:603)
	at org.testng.SuiteRunner.runTest(SuiteRunner.java:429)
	at org.testng.SuiteRunner.runSequentially(SuiteRunner.java:423)
	at org.testng.SuiteRunner.privateRun(SuiteRunner.java:383)
	at org.testng.SuiteRunner.run(SuiteRunner.java:326)
	at org.testng.SuiteRunnerWorker.runSuite(SuiteRunnerWorker.java:52)
	at org.testng.SuiteRunnerWorker.run(SuiteRunnerWorker.java:95)
	at org.testng.TestNG.runSuitesSequentially(TestNG.java:1249)
	at org.testng.TestNG.runSuitesLocally(TestNG.java:1169)
	at org.testng.TestNG.runSuites(TestNG.java:1092)
	at org.testng.TestNG.run(TestNG.java:1060)
	at org.testng.remote.AbstractRemoteTestNG.run(AbstractRemoteTestNG.java:115)
	at org.testng.remote.RemoteTestNG.initAndRun(RemoteTestNG.java:251)
	at org.testng.remote.RemoteTestNG.main(RemoteTestNG.java:77)
</pre></div></td>
<td>5</td>
<td>Com.Sample.testcases.LoginTest@1b11171f</td></tr>
</table><p>
<table width='100%' border='1' class='invocation-passed'>
<tr><td colspan='4' align='center'><b>PASSED TESTS</b></td></tr>
<tr><td><b>Test method</b></td>
<td width="30%"><b>Exception</b></td>
<td width="10%"><b>Time (seconds)</b></td>
<td><b>Instance</b></td>
</tr>
<tr>
<td title='Com.Sample.testcases.SearchTest.AddToCart()'><b>AddToCart</b><br>Test class: Com.Sample.testcases.SearchTest</td>
<td></td>
<td>21</td>
<td>Com.Sample.testcases.SearchTest@5a45133e</td></tr>
<tr>
<td title='Com.Sample.testcases.FilterTest.FilterFewThings()'><b>FilterFewThings</b><br>Test class: Com.Sample.testcases.FilterTest</td>
<td></td>
<td>25</td>
<td>Com.Sample.testcases.FilterTest@534a5a98</td></tr>
<tr>
<td title='Com.Sample.testcases.DeleteAddressTest.EditAddressTest()'><b>EditAddressTest</b><br>Test class: Com.Sample.testcases.DeleteAddressTest</td>
<td></td>
<td>27</td>
<td>Com.Sample.testcases.DeleteAddressTest@242b836</td></tr>
<tr>
<td title='Com.Sample.testcases.SearchTest.Search()'><b>Search</b><br>Test class: Com.Sample.testcases.SearchTest</td>
<td></td>
<td>6</td>
<td>Com.Sample.testcases.SearchTest@5a45133e</td></tr>
<tr>
<td title='Com.Sample.testcases.SellerTest.SellerTest1()'><b>SellerTest1</b><br>Test class: Com.Sample.testcases.SellerTest</td>
<td></td>
<td>14</td>
<td>Com.Sample.testcases.SellerTest@60bd273d</td></tr>
<tr>
<td title='Com.Sample.testcases.SignoutTest.SignouttTest()'><b>SignouttTest</b><br>Test class: Com.Sample.testcases.SignoutTest</td>
<td></td>
<td>8</td>
<td>Com.Sample.testcases.SignoutTest@5e600dd5</td></tr>
<tr>
<td title='Com.Sample.testcases.DeleteAddressTest.DeleteAddressTest1()'><b>DeleteAddressTest1</b><br>Test class: Com.Sample.testcases.DeleteAddressTest</td>
<td></td>
<td>23</td>
<td>Com.Sample.testcases.DeleteAddressTest@242b836</td></tr>
<tr>
<td title='Com.Sample.testcases.FilterTest.DeleteFilteredThings()'><b>DeleteFilteredThings</b><br>Test class: Com.Sample.testcases.FilterTest</td>
<td></td>
<td>29</td>
<td>Com.Sample.testcases.FilterTest@534a5a98</td></tr>
<tr>
<td title='Com.Sample.testcases.SuperCoinZoneTest.SuperCoinZoneTest1()'><b>SuperCoinZoneTest1</b><br>Test class: Com.Sample.testcases.SuperCoinZoneTest</td>
<td></td>
<td>18</td>
<td>Com.Sample.testcases.SuperCoinZoneTest@3f6f6701</td></tr>
<tr>
<td title='Com.Sample.testcases.OrdersTest.OrderTest()'><b>OrderTest</b><br>Test class: Com.Sample.testcases.OrdersTest</td>
<td></td>
<td>7</td>
<td>Com.Sample.testcases.OrdersTest@942a29c</td></tr>
<tr>
<td title='Com.Sample.testcases.WishlistTest.Wishlist()'><b>Wishlist</b><br>Test class: Com.Sample.testcases.WishlistTest</td>
<td></td>
<td>16</td>
<td>Com.Sample.testcases.WishlistTest@1ed6388a</td></tr>
<tr>
<td title='Com.Sample.testcases.OrdersTest.FilterOrderTest()'><b>FilterOrderTest</b><br>Test class: Com.Sample.testcases.OrdersTest</td>
<td></td>
<td>10</td>
<td>Com.Sample.testcases.OrdersTest@942a29c</td></tr>
<tr>
<td title='Com.Sample.testcases.FavoritesTest.DeleteFromWishlist()'><b>DeleteFromWishlist</b><br>Test class: Com.Sample.testcases.FavoritesTest</td>
<td></td>
<td>21</td>
<td>Com.Sample.testcases.FavoritesTest@130c12b7</td></tr>
<tr>
<td title='Com.Sample.testcases.FavoritesTest.AddToWishlist()'><b>AddToWishlist</b><br>Test class: Com.Sample.testcases.FavoritesTest</td>
<td></td>
<td>21</td>
<td>Com.Sample.testcases.FavoritesTest@130c12b7</td></tr>
<tr>
<td title='Com.Sample.testcases.LoginTest.correctemailtest()'><b>correctemailtest</b><br>Test class: Com.Sample.testcases.LoginTest</td>
<td></td>
<td>5</td>
<td>Com.Sample.testcases.LoginTest@1b11171f</td></tr>
<tr>
<td title='Com.Sample.testcases.AddaddressTest.AddValidAddresstest()'><b>AddValidAddresstest</b><br>Test class: Com.Sample.testcases.AddaddressTest</td>
<td></td>
<td>26</td>
<td>Com.Sample.testcases.AddaddressTest@2d52216b</td></tr>
<tr>
<td title='Com.Sample.testcases.FilterTest.Filter()'><b>Filter</b><br>Test class: Com.Sample.testcases.FilterTest</td>
<td></td>
<td>11</td>
<td>Com.Sample.testcases.FilterTest@534a5a98</td></tr>
<tr>
<td title='Com.Sample.testcases.WishlistTest.DeleteWishlist()'><b>DeleteWishlist</b><br>Test class: Com.Sample.testcases.WishlistTest</td>
<td></td>
<td>18</td>
<td>Com.Sample.testcases.WishlistTest@1ed6388a</td></tr>
</table><p>
</body>
</html>